The system is: Windows - 10.0.19042 - AMD64
Compiling the C compiler identification source file "CMakeCCompilerId.c" succeeded.
Compiler: C:/Program Files (x86)/Dev-Cpp/MinGW64/bin/gcc.exe 
Build flags: 
Id flags:  

The output was:
0


Compilation of the C compiler identification source "CMakeCCompilerId.c" produced "a.exe"

The C compiler identification is GNU, found in "C:/Users/iceQH/Documents/GitHub/DSAA_homework/Graph/cmake-build-debug/CMakeFiles/3.17.5/CompilerIdC/a.exe"

Compiling the CXX compiler identification source file "CMakeCXXCompilerId.cpp" succeeded.
Compiler: C:/Program Files (x86)/Dev-Cpp/MinGW64/bin/g++.exe 
Build flags: 
Id flags:  

The output was:
0


Compilation of the CXX compiler identification source "CMakeCXXCompilerId.cpp" produced "a.exe"

The CXX compiler identification is GNU, found in "C:/Users/iceQH/Documents/GitHub/DSAA_homework/Graph/cmake-build-debug/CMakeFiles/3.17.5/CompilerIdCXX/a.exe"

Determining if the C compiler works passed with the following output:
Change Dir: C:/Users/iceQH/Documents/GitHub/DSAA_homework/Graph/cmake-build-debug/CMakeFiles/CMakeTmp

Run Build Command(s):C:/PROGRA~2/Dev-Cpp/MinGW64/bin/mingw32-make.exe cmTC_2d3cc/fast && C:/PROGRA~2/Dev-Cpp/MinGW64/bin/mingw32-make.exe  -f CMakeFiles\cmTC_2d3cc.dir\build.make CMakeFiles/cmTC_2d3cc.dir/build
mingw32-make.exe[1]: Entering directory 'C:/Users/iceQH/Documents/GitHub/DSAA_homework/Graph/cmake-build-debug/CMakeFiles/CMakeTmp'
Building C object CMakeFiles/cmTC_2d3cc.dir/testCCompiler.c.obj
C:\PROGRA~2\Dev-Cpp\MinGW64\bin\gcc.exe    -o CMakeFiles\cmTC_2d3cc.dir\testCCompiler.c.obj   -c C:\Users\iceQH\Documents\GitHub\DSAA_homework\Graph\cmake-build-debug\CMakeFiles\CMakeTmp\testCCompiler.c
Linking C executable cmTC_2d3cc.exe
"C:\Program Files\JetBrains\CLion 2020.3.3\bin\cmake\win\bin\cmake.exe" -E cmake_link_script CMakeFiles\cmTC_2d3cc.dir\link.txt --verbose=1
"C:\Program Files\JetBrains\CLion 2020.3.3\bin\cmake\win\bin\cmake.exe" -E rm -f CMakeFiles\cmTC_2d3cc.dir/objects.a
C:\PROGRA~2\Dev-Cpp\MinGW64\bin\ar.exe cr CMakeFiles\cmTC_2d3cc.dir/objects.a @CMakeFiles\cmTC_2d3cc.dir\objects1.rsp
C:\PROGRA~2\Dev-Cpp\MinGW64\bin\gcc.exe      -Wl,--whole-archive CMakeFiles\cmTC_2d3cc.dir/objects.a -Wl,--no-whole-archive  -o cmTC_2d3cc.exe -Wl,--out-implib,libcmTC_2d3cc.dll.a -Wl,--major-image-version,0,--minor-image-version,0 @CMakeFiles\cmTC_2d3cc.dir\linklibs.rsp
mingw32-make.exe[1]: Leaving directory 'C:/Users/iceQH/Documents/GitHub/DSAA_homework/Graph/cmake-build-debug/CMakeFiles/CMakeTmp'



